Tue Sep 19 2023 21:35:26 } [PH] info: Server running on port 5000
Tue Sep 19 2023 21:35:40 } [TSM] info: Server running on port 5000
Tue Sep 19 2023 21:35:47 } [TMS] info: Server running on port 5000
Tue Sep 19 2023 21:36:2 } [TMS] info: Server running on port 5000
Tue Sep 19 2023 21:36:7 } [TMS] info: Server running on port 5000
Tue Sep 19 2023 21:36:9 } [TMS] info: Server running on port 5000
Tue Sep 19 2023 21:36:51 } [TMS] info: Server running on port 5000
Tue Sep 19 2023 21:37:0 } [TMS] info: Server running on port 5000
Tue Sep 19 2023 21:37:2 } [TMS] info: Server running on port 5000
Tue Sep 19 2023 21:37:2 } [TMS] info: Connected to mysql
Tue Sep 19 2023 21:37:4 } [TMS] info: Server running on port 5000
Tue Sep 19 2023 21:37:4 } [TMS] info: Connected to mysql
Tue Sep 19 2023 21:37:9 } [TMS] info: Server running on port 5000
Tue Sep 19 2023 21:37:9 } [TMS] info: Connected to mysql
Tue Sep 19 2023 21:37:14 } [TMS] info: Server running on port 5000
Tue Sep 19 2023 21:37:19 } [TMS] info: Server running on port 5000
Tue Sep 19 2023 21:37:19 } [TMS] info: Connected to mysql
Tue Sep 19 2023 21:37:20 } [TMS] info: Server running on port 5000
Tue Sep 19 2023 21:37:20 } [TMS] info: Connected to mysql
Tue Sep 19 2023 21:37:31 } [TMS] info: Server running on port 5000
Tue Sep 19 2023 21:37:31 } [TMS] info: Connected to mysql
Tue Sep 19 2023 21:37:34 } [TMS] info: Server running on port 5000
Tue Sep 19 2023 21:37:34 } [TMS] info: Connected to mysql
Tue Sep 19 2023 21:37:39 } [TMS] info: Server running on port 5000
Tue Sep 19 2023 21:37:39 } [TMS] info: Connected to mysql
Tue Sep 19 2023 21:38:15 } [TMS] info: Server running on port 5000
Tue Sep 19 2023 21:38:15 } [TMS] info: Connected to mysql
Tue Sep 19 2023 21:40:42 } [TMS] info: Server running on port 5000
Tue Sep 19 2023 21:40:47 } [TMS] info: Server running on port 5000
Tue Sep 19 2023 21:40:52 } [TMS] info: Server running on port 5000
Tue Sep 19 2023 21:40:52 } [TMS] info: Connected to mysql
Tue Sep 19 2023 21:40:59 } [TMS] info: Server running on port 5000
Tue Sep 19 2023 21:40:59 } [TMS] info: Connected to mysql
Tue Sep 19 2023 21:41:5 } [TMS] info: Server running on port 5000
Tue Sep 19 2023 21:41:25 [TMS] info: Server running on port 5000
Tue Sep 19 2023 21:42:10 [TMS] info: Server running on port 5000
Tue Sep 19 2023 21:42:13 [TMS] info: Server running on port 5000
Tue Sep 19 2023 21:42:15 [TMS] info: Server running on port 5000
Tue Sep 19 2023 21:42:22 [TMS] info: Server running on port 5000
Tue Sep 19 2023 21:42:25 [TMS] info: Server running on port 5000
Tue Sep 19 2023 21:42:52 [TMS] info: Server running on port 5000
Tue Sep 19 2023 21:42:52 [TMS] info: Connected to mysql
Tue Sep 19 2023 21:42:59 [TMS] info: Server running on port 5000
Tue Sep 19 2023 21:42:59 [TMS] info: Connected to mysql
Tue Sep 19 2023 21:43:19 [TMS] info: Server running on port 5000
Tue Sep 19 2023 21:43:19 [TMS] info: Connected to mysql
Tue Sep 19 2023 21:43:22 [TMS] info: Server running on port 5000
Tue Sep 19 2023 21:43:22 [TMS] info: Connected to mysql
Tue Sep 19 2023 21:53:42 [TMS] info: Server running on port 5000
Tue Sep 19 2023 21:53:42 [TMS] info: Connected to mysql
